\BOOKMARK [0][-]{section*.1}{\376\377\000D\000e\000c\000l\000a\000r\000a\000t\000i\000o\000n\000\040\000o\000f\000\040\000A\000u\000t\000h\000o\000r\000s\000h\000i\000p}{}% 1
\BOOKMARK [0][-]{section*.2}{\376\377\000A\000b\000s\000t\000r\000a\000c\000t}{}% 2
\BOOKMARK [0][-]{section*.3}{\376\377\000A\000c\000k\000n\000o\000w\000l\000e\000d\000g\000e\000m\000e\000n\000t\000s}{}% 3
\BOOKMARK [0][-]{chapter.4}{\376\377\000I\000n\000t\000r\000o\000d\000u\000c\000t\000i\000o\000n}{}% 4
\BOOKMARK [0][-]{chapter.5}{\376\377\000B\000a\000c\000k\000g\000r\000o\000u\000n\000d}{}% 5
\BOOKMARK [1][-]{section.6}{\376\377\000N\000e\000u\000r\000a\000l\000\040\000N\000e\000t\000w\000o\000r\000k\000s}{chapter.5}% 6
\BOOKMARK [1][-]{section.7}{\376\377\000C\000o\000n\000v\000o\000l\000u\000t\000i\000o\000n\000a\000l\000\040\000N\000e\000u\000r\000a\000l\000\040\000N\000e\000t\000w\000o\000r\000k\000s}{chapter.5}% 7
\BOOKMARK [1][-]{section.10}{\376\377\000A\000u\000t\000o\000e\000n\000c\000o\000d\000e\000r\000s}{chapter.5}% 8
\BOOKMARK [1][-]{section.11}{\376\377\000C\000o\000n\000v\000o\000l\000u\000t\000i\000o\000n\000a\000l\000\040\000A\000u\000t\000o\000e\000n\000c\000o\000d\000e\000r\000s}{chapter.5}% 9
\BOOKMARK [1][-]{section.15}{\376\377\000B\000i\000o\000l\000o\000g\000i\000c\000a\000l\000l\000y\000\040\000P\000l\000a\000u\000s\000i\000b\000l\000e\000\040\000N\000e\000t\000w\000o\000r\000k\000\040\000M\000o\000d\000e\000l}{chapter.5}% 10
\BOOKMARK [0][-]{chapter.16}{\376\377\000N\000e\000t\000w\000o\000r\000k\000\040\000A\000r\000c\000h\000i\000t\000e\000c\000t\000u\000r\000e\000s\000\040\000a\000n\000d\000\040\000T\000r\000a\000i\000n\000i\000n\000g\000\040\000P\000r\000o\000c\000e\000s\000s\000e\000s}{}% 11
\BOOKMARK [1][-]{section.17}{\376\377\000N\000e\000t\000w\000o\000r\000k\000\040\000A\000r\000c\000h\000i\000t\000e\000c\000t\000u\000r\000e\000s}{chapter.16}% 12
\BOOKMARK [2][-]{subsection.18}{\376\377\000P\000a\000n\000N\000e\000t\000\040\000a\000n\000d\000\040\000B\000a\000c\000k\000P\000a\000n\000N\000e\000t}{section.17}% 13
\BOOKMARK [2][-]{subsection.19}{\376\377\000L\000e\000N\000e\000t}{section.17}% 14
\BOOKMARK [1][-]{section.21}{\376\377\000T\000r\000a\000i\000n\000i\000n\000g}{chapter.16}% 15
\BOOKMARK [2][-]{subsection.22}{\376\377\000T\000r\000a\000i\000n\000i\000n\000g\000\040\000d\000a\000t\000a}{section.21}% 16
\BOOKMARK [2][-]{subsection.24}{\376\377\000T\000r\000a\000i\000n\000i\000n\000g\000\040\000a\000l\000g\000o\000r\000i\000t\000h\000m\000s}{section.21}% 17
\BOOKMARK [3][-]{section*.25}{\376\377\000P\000a\000n\000N\000e\000t\000\040\000a\000n\000d\000\040\000P\000a\000n\000N\000e\000t\000-\000e\000n\000l\000a\000r\000g\000e\000d}{subsection.24}% 18
\BOOKMARK [3][-]{section*.26}{\376\377\000L\000e\000N\000e\000t}{subsection.24}% 19
\BOOKMARK [3][-]{section*.28}{\376\377\000B\000a\000c\000k\000P\000a\000n\000N\000e\000t}{subsection.24}% 20
\BOOKMARK [2][-]{subsection.30}{\376\377\000T\000r\000a\000i\000n\000i\000n\000g\000\040\000P\000r\000o\000c\000e\000s\000s\000\040\000f\000o\000r\000\040\000L\000e\000N\000e\000t\000-\0001\000\040\000a\000n\000d\000\040\000L\000e\000N\000e\000t\000-\0001\000-\000e\000n\000l\000a\000r\000g\000e\000d}{section.21}% 21
\BOOKMARK [2][-]{subsection.32}{\376\377\000T\000r\000a\000i\000n\000i\000n\000g\000\040\000P\000r\000o\000c\000e\000s\000s\000\040\000f\000o\000r\000\040\000b\000a\000c\000k\000P\000a\000n\000N\000e\000t\000\040\000a\000n\000d\000\040\000b\000a\000c\000k\000P\000a\000n\000N\000e\000t\000-\000e\000n\000l\000a\000r\000g\000e\000d}{section.21}% 22
\BOOKMARK [1][-]{section.34}{\376\377\000H\000y\000p\000e\000r\000p\000a\000r\000a\000m\000e\000t\000e\000r\000\040\000S\000e\000l\000e\000c\000t\000i\000o\000n}{chapter.16}% 23
\BOOKMARK [2][-]{subsection.35}{\376\377\000H\000y\000p\000e\000r\000p\000a\000r\000a\000m\000e\000t\000e\000r\000\040\000S\000e\000l\000e\000c\000t\000i\000o\000n\000\040\000f\000o\000r\000\040\000P\000a\000n\000N\000e\000t}{section.34}% 24
\BOOKMARK [2][-]{subsection.39}{\376\377\000H\000y\000p\000e\000r\000p\000a\000r\000a\000m\000e\000t\000e\000r\000\040\000S\000e\000l\000e\000c\000t\000i\000o\000n\000\040\000f\000o\000r\000\040\000P\000a\000n\000N\000e\000t\000-\000e\000n\000l\000a\000r\000g\000e\000d}{section.34}% 25
\BOOKMARK [1][-]{section.41}{\376\377\000S\000u\000m\000m\000a\000r\000y}{chapter.16}% 26
\BOOKMARK [0][-]{chapter.43}{\376\377\000R\000e\000s\000u\000l\000t\000s}{}% 27
\BOOKMARK [1][-]{section.44}{\376\377\000A\000c\000c\000u\000r\000a\000c\000y\000\040\000C\000o\000m\000p\000a\000r\000i\000s\000o\000n\000\040\000o\000f\000\040\000R\000e\000g\000u\000l\000a\000r\000\040\000N\000e\000t\000w\000o\000r\000k\000s}{chapter.43}% 28
\BOOKMARK [1][-]{section.47}{\376\377\000A\000c\000c\000u\000r\000a\000c\000y\000\040\000C\000o\000m\000p\000a\000r\000i\000s\000o\000n\000\040\000o\000f\000\040\000E\000n\000l\000a\000r\000g\000e\000d\000\040\000N\000e\000t\000w\000o\000r\000k\000s}{chapter.43}% 29
\BOOKMARK [0][-]{chapter.52}{\376\377\000D\000i\000s\000c\000u\000s\000s\000i\000o\000n}{}% 30
\BOOKMARK [0][-]{chapter.53}{\376\377\000C\000o\000n\000c\000l\000u\000s\000i\000o\000n}{}% 31
\BOOKMARK [0][-]{chapter*.54}{\376\377\000R\000e\000f\000e\000r\000e\000n\000c\000e}{}% 32
